<?xml version="1.0" encoding="UTF-8"?>
<robot generator="Robot 7.0 (Python 3.11.4 on win32)" generated="2024-05-07T21:02:09.880607" rpa="false" schemaversion="5">
<suite id="s1" name="Preenchimento Correto" source="c:\Users\patri\OneDrive\Área de Trabalho\curso-robot\testes\preenchimento_correto.robot">
<test id="s1-t1" name="Verificar se ao preencher corretamente o formulário os dados são inseridos corretamente na lista e se um novo card é criado no time escolhido" line="23">
<kw name="Dado que eu acesse o Organo" owner="setup_teardown" type="SETUP">
<kw name="Open Browser" owner="SeleniumLibrary">
<msg time="2024-05-07T21:02:11.188074" level="INFO">Opening browser 'Chrome' to base url 'http://localhost:3000/'.</msg>
<arg>url=http://localhost:3000/</arg>
<arg>browser=Chrome</arg>
<doc>Opens a new browser instance to the optional ``url``.</doc>
<status status="PASS" start="2024-05-07T21:02:11.186073" elapsed="11.427249"/>
</kw>
<status status="PASS" start="2024-05-07T21:02:11.182600" elapsed="11.431724"/>
</kw>
<kw name="Dado que eu preencha os campos do formulário">
<kw name="FakerLibrary.First Name">
<msg time="2024-05-07T21:02:22.879898" level="FAIL">No keyword with name 'FakerLibrary.First Name' found.</msg>
<var>${Nome}</var>
<status status="FAIL" start="2024-05-07T21:02:22.878897" elapsed="0.008999">No keyword with name 'FakerLibrary.First Name' found.</status>
</kw>
<kw name="Input Text" owner="SeleniumLibrary">
<arg>${CAMPO_NOME}</arg>
<arg>${Nome}</arg>
<doc>Types the given ``text`` into the text field identified by ``locator``.</doc>
<status status="NOT RUN" start="2024-05-07T21:02:22.887896" elapsed="0.001287"/>
</kw>
<kw name="FakerLibrary.Job">
<var>${Cargo}</var>
<status status="NOT RUN" start="2024-05-07T21:02:22.893195" elapsed="0.001002"/>
</kw>
<kw name="Input Text" owner="SeleniumLibrary">
<arg>${CAMPO_CARGO}</arg>
<arg>${Cargo}</arg>
<doc>Types the given ``text`` into the text field identified by ``locator``.</doc>
<status status="NOT RUN" start="2024-05-07T21:02:22.894197" elapsed="0.000999"/>
</kw>
<kw name="FakerLibrary.Image Url">
<var>${Imagem}</var>
<status status="NOT RUN" start="2024-05-07T21:02:22.902195" elapsed="0.001001"/>
</kw>
<kw name="Input Text" owner="SeleniumLibrary">
<arg>${CAMPO_IMAGEM}</arg>
<arg>${Imagem}</arg>
<doc>Types the given ``text`` into the text field identified by ``locator``.</doc>
<status status="NOT RUN" start="2024-05-07T21:02:22.904197" elapsed="0.000000"/>
</kw>
<kw name="Click Element" owner="SeleniumLibrary">
<arg>${CAMPO_TIME}</arg>
<doc>Click the element identified by ``locator``.</doc>
<status status="NOT RUN" start="2024-05-07T21:02:22.904197" elapsed="0.001000"/>
</kw>
<kw name="Click Element" owner="SeleniumLibrary">
<arg>${selecionar_time}[0]</arg>
<doc>Click the element identified by ``locator``.</doc>
<status status="NOT RUN" start="2024-05-07T21:02:22.905197" elapsed="0.000000"/>
</kw>
<status status="FAIL" start="2024-05-07T21:02:22.869789" elapsed="0.036408">No keyword with name 'FakerLibrary.First Name' found.</status>
</kw>
<kw name="E clique no botão &quot;Criar Card&quot;">
<status status="NOT RUN" start="2024-05-07T21:02:23.257900" elapsed="0.001485"/>
</kw>
<kw name="Então identificar o card no time esperado">
<status status="NOT RUN" start="2024-05-07T21:02:23.487241" elapsed="0.000000"/>
</kw>
<kw name="Fechar o navegador" owner="setup_teardown" type="TEARDOWN">
<kw name="Close Browser" owner="SeleniumLibrary">
<doc>Closes the current browser.</doc>
<status status="PASS" start="2024-05-07T21:02:23.584495" elapsed="4.541411"/>
</kw>
<status status="PASS" start="2024-05-07T21:02:23.583494" elapsed="4.543396"/>
</kw>
<status status="FAIL" start="2024-05-07T21:02:11.176305" elapsed="16.950585">No keyword with name 'FakerLibrary.First Name' found.</status>
</test>
<status status="FAIL" start="2024-05-07T21:02:09.892119" elapsed="18.239112"/>
</suite>
<statistics>
<total>
<stat pass="0" fail="1" skip="0">All Tests</stat>
</total>
<tag>
</tag>
<suite>
<stat pass="0" fail="1" skip="0" id="s1" name="Preenchimento Correto">Preenchimento Correto</stat>
</suite>
</statistics>
<errors>
<msg time="2024-05-07T21:02:11.150970" level="ERROR">Error in file 'c:\Users\patri\OneDrive\Área de Trabalho\curso-robot\resources\main.robot' on line 3: Getting keyword names from library 'FakerLibrary' failed: Initializing library 'FakerLibrary' with arguments [ locate=pt_BR ] failed: AttributeError: Invalid configuration for faker locale `locate=pt_BR`
Traceback (most recent call last):
  File "C:\Users\patri\AppData\Local\Programs\Python\Python311\Lib\site-packages\FakerLibrary\keywords.py", line 42, in __init__
    self._fake = faker.factory.Factory.create(locale, providers)
                 ^^^^^^^^^^^^^^^^^^^^^^^^^^^^^^^^^^^^^^^^^^^^^^^
  File "C:\Users\patri\AppData\Local\Programs\Python\Python311\Lib\site-packages\faker\factory.py", line 43, in create
    raise AttributeError(msg)
AttributeError: Invalid configuration for faker locale `locate=pt_BR`</msg>
</errors>
</robot>
